toilocator/build/app/intermediates/manifest_merge_blame_file/debug/manifest-merger-blame-debug-report.txt
1<?xml version="1.0" encoding="utf-8"?>
2<manifest xmlns:android="http://schemas.android.com/apk/res/android"
3    package="com.cz2006swee.toilocator"
4    android:versionCode="1"
5    android:versionName="1.0.0" >
6
7    <uses-sdk
8        android:minSdkVersion="20"
9        android:targetSdkVersion="30" />
10    <!--
11         Flutter needs it to communicate with the running application
12         to allow setting breakpoints, to provide hot reload, etc.
13    -->
14    <uses-permission android:name="android.permission.INTERNET" />
14-->src/debug/AndroidManifest.xml:6:5-66
14-->src/debug/AndroidManifest.xml:6:22-64
15    <uses-permission android:name="android.permission.ACCESS_FINE_LOCATION" />
15-->src/main/AndroidManifest.xml:2:3-77
15-->src/main/AndroidManifest.xml:2:20-74
16    <uses-permission android:name="android.permission.ACCESS_COARSE_LOCATION" />
16-->src/main/AndroidManifest.xml:3:3-79
16-->src/main/AndroidManifest.xml:3:20-76
17    <uses-permission android:name="android.permission.FOREGROUND_SERVICE" /> <!-- Include required permissions for Google Maps API to run. -->
17-->[:geolocator_android] AndroidManifest.xml:7:5-77
17-->[:geolocator_android] AndroidManifest.xml:7:22-74
18    <uses-permission android:name="android.permission.ACCESS_NETWORK_STATE" />
18-->[com.google.android.gms:play-services-maps:17.0.0] AndroidManifest.xml:23:5-79
18-->[com.google.android.gms:play-services-maps:17.0.0] AndroidManifest.xml:23:22-76
19
20    <uses-feature
20-->[com.google.android.gms:play-services-maps:17.0.0] AndroidManifest.xml:26:5-28:35
21        android:glEsVersion="0x00020000"
21-->[com.google.android.gms:play-services-maps:17.0.0] AndroidManifest.xml:27:9-41
22        android:required="true" />
22-->[com.google.android.gms:play-services-maps:17.0.0] AndroidManifest.xml:28:9-32
23
24    <application
24-->src/main/AndroidManifest.xml:5:3-28:17
25        android:name="androidx.multidex.MultiDexApplication"
26        android:appComponentFactory="androidx.core.app.CoreComponentFactory"
26-->[androidx.core:core:1.6.0] AndroidManifest.xml:24:18-86
27        android:debuggable="true"
28        android:icon="@mipmap/ic_launcher"
28-->src/main/AndroidManifest.xml:5:43-77
29        android:label="toilocator" >
29-->src/main/AndroidManifest.xml:5:16-42
30        <meta-data
30-->src/main/AndroidManifest.xml:6:5-119
31            android:name="com.google.android.geo.API_KEY"
31-->src/main/AndroidManifest.xml:6:16-61
32            android:value="AIzaSyB9M5K3SIOoxo2PBhiUsqQ4lGcksjDy-IQ" />
32-->src/main/AndroidManifest.xml:6:62-117
33
34        <activity
34-->src/main/AndroidManifest.xml:8:5-24:16
35            android:name="com.example.toilocator.MainActivity"
35-->src/main/AndroidManifest.xml:8:15-43
36            android:configChanges="orientation|keyboardHidden|keyboard|screenSize|smallestScreenSize|locale|layoutDirection|fontScale|screenLayout|density|uiMode"
36-->src/main/AndroidManifest.xml:8:110-260
37            android:hardwareAccelerated="true"
37-->src/main/AndroidManifest.xml:8:261-295
38            android:launchMode="singleTop"
38-->src/main/AndroidManifest.xml:8:44-74
39            android:theme="@style/LaunchTheme"
39-->src/main/AndroidManifest.xml:8:75-109
40            android:windowSoftInputMode="adjustResize" >
40-->src/main/AndroidManifest.xml:8:296-338
41
42            <!--
43           Specifies an Android theme to apply to this Activity as soon as
44                 the Android process has started. This theme is visible to the user
45                 while the Flutter UI initializes. After that, this theme continues
46                 to determine the Window background behind the Flutter UI.
47            -->
48            <meta-data
48-->src/main/AndroidManifest.xml:13:7-114
49                android:name="io.flutter.embedding.android.NormalTheme"
49-->src/main/AndroidManifest.xml:13:18-73
50                android:resource="@style/NormalTheme" />
50-->src/main/AndroidManifest.xml:13:74-111
51            <!--
52           Displays an Android View that continues showing the launch screen
53                 Drawable until Flutter paints its first frame, then this splash
54                 screen fades out. A splash screen is useful to avoid any visual
55                 gap between the end of Android's launch screen and the painting of
56                 Flutter's first frame.
57            -->
58            <meta-data
58-->src/main/AndroidManifest.xml:19:7-132
59                android:name="io.flutter.embedding.android.SplashScreenDrawable"
59-->src/main/AndroidManifest.xml:19:18-82
60                android:resource="@drawable/launch_background" />
60-->src/main/AndroidManifest.xml:19:83-129
61
62            <intent-filter>
62-->src/main/AndroidManifest.xml:20:7-23:23
63                <action android:name="android.intent.action.MAIN" />
63-->src/main/AndroidManifest.xml:21:9-60
63-->src/main/AndroidManifest.xml:21:17-58
64
65                <category android:name="android.intent.category.LAUNCHER" />
65-->src/main/AndroidManifest.xml:22:9-68
65-->src/main/AndroidManifest.xml:22:19-66
66            </intent-filter>
67        </activity>
68        <!--
69         Don't delete the meta-data below.
70             This is used by the Flutter tool to generate GeneratedPluginRegistrant.java
71        -->
72        <meta-data
72-->src/main/AndroidManifest.xml:27:5-68
73            android:name="flutterEmbedding"
73-->src/main/AndroidManifest.xml:27:16-47
74            android:value="2" />
74-->src/main/AndroidManifest.xml:27:48-65
75
76        <service
76-->[:geolocator_android] AndroidManifest.xml:10:9-14:56
77            android:name="com.baseflow.geolocator.GeolocatorLocationService"
77-->[:geolocator_android] AndroidManifest.xml:11:13-77
78            android:enabled="true"
78-->[:geolocator_android] AndroidManifest.xml:12:13-35
79            android:exported="false"
79-->[:geolocator_android] AndroidManifest.xml:13:13-37
80            android:foregroundServiceType="location" />
80-->[:geolocator_android] AndroidManifest.xml:14:13-53
81        <service
81-->[:firebase_auth] AndroidManifest.xml:8:9-12:19
82            android:name="com.google.firebase.components.ComponentDiscoveryService"
82-->[:firebase_auth] AndroidManifest.xml:8:18-89
83            android:directBootAware="true"
83-->[com.google.firebase:firebase-common:19.3.0] AndroidManifest.xml:34:13-43
84            android:exported="false" >
84-->[com.google.firebase:firebase-auth:17.0.0] AndroidManifest.xml:35:13-37
85            <meta-data
85-->[:firebase_auth] AndroidManifest.xml:9:13-11:85
86                android:name="com.google.firebase.components:io.flutter.plugins.firebaseauth.FlutterFirebaseAppRegistrar"
86-->[:firebase_auth] AndroidManifest.xml:10:17-122
87                android:value="com.google.firebase.components.ComponentRegistrar" />
87-->[:firebase_auth] AndroidManifest.xml:11:17-82
88            <meta-data
88-->[:cloud_firestore] AndroidManifest.xml:9:13-11:85
89                android:name="com.google.firebase.components:io.flutter.plugins.firebase.cloudfirestore.FlutterFirebaseAppRegistrar"
89-->[:cloud_firestore] AndroidManifest.xml:10:17-133
90                android:value="com.google.firebase.components.ComponentRegistrar" />
90-->[:cloud_firestore] AndroidManifest.xml:11:17-82
91            <meta-data
91-->[:firebase_core] AndroidManifest.xml:9:13-11:85
92                android:name="com.google.firebase.components:io.flutter.plugins.firebase.core.FlutterFirebaseAppRegistrar"
92-->[:firebase_core] AndroidManifest.xml:10:17-123
93                android:value="com.google.firebase.components.ComponentRegistrar" />
93-->[:firebase_core] AndroidManifest.xml:11:17-82
94            <meta-data
94-->[com.google.firebase:firebase-auth:17.0.0] AndroidManifest.xml:36:13-38:85
95                android:name="com.google.firebase.components:com.google.firebase.auth.FirebaseAuthRegistrar"
95-->[com.google.firebase:firebase-auth:17.0.0] AndroidManifest.xml:37:17-109
96                android:value="com.google.firebase.components.ComponentRegistrar" />
96-->[com.google.firebase:firebase-auth:17.0.0] AndroidManifest.xml:38:17-82
97            <meta-data
97-->[com.google.firebase:firebase-firestore:21.3.0] AndroidManifest.xml:20:13-22:85
98                android:name="com.google.firebase.components:com.google.firebase.firestore.FirestoreRegistrar"
98-->[com.google.firebase:firebase-firestore:21.3.0] AndroidManifest.xml:21:17-111
99                android:value="com.google.firebase.components.ComponentRegistrar" />
99-->[com.google.firebase:firebase-firestore:21.3.0] AndroidManifest.xml:22:17-82
100        </service>
101
102        <uses-library
102-->[androidx.window:window:1.0.0-beta04] AndroidManifest.xml:25:9-27:40
103            android:name="androidx.window.extensions"
103-->[androidx.window:window:1.0.0-beta04] AndroidManifest.xml:26:13-54
104            android:required="false" />
104-->[androidx.window:window:1.0.0-beta04] AndroidManifest.xml:27:13-37
105        <uses-library
105-->[androidx.window:window:1.0.0-beta04] AndroidManifest.xml:28:9-30:40
106            android:name="androidx.window.sidecar"
106-->[androidx.window:window:1.0.0-beta04] AndroidManifest.xml:29:13-51
107            android:required="false" /> <!-- Needs to be explicitly declared on P+ -->
107-->[androidx.window:window:1.0.0-beta04] AndroidManifest.xml:30:13-37
108        <uses-library
108-->[com.google.android.gms:play-services-maps:17.0.0] AndroidManifest.xml:33:9-35:40
109            android:name="org.apache.http.legacy"
109-->[com.google.android.gms:play-services-maps:17.0.0] AndroidManifest.xml:34:13-50
110            android:required="false" />
110-->[com.google.android.gms:play-services-maps:17.0.0] AndroidManifest.xml:35:13-37
111
112        <activity
112-->[com.google.firebase:firebase-auth:17.0.0] AndroidManifest.xml:24:9-31:50
113            android:name="com.google.firebase.auth.internal.FederatedSignInActivity"
113-->[com.google.firebase:firebase-auth:17.0.0] AndroidManifest.xml:25:13-85
114            android:excludeFromRecents="true"
114-->[com.google.firebase:firebase-auth:17.0.0] AndroidManifest.xml:26:13-46
115            android:exported="true"
115-->[com.google.firebase:firebase-auth:17.0.0] AndroidManifest.xml:27:13-36
116            android:launchMode="singleTask"
116-->[com.google.firebase:firebase-auth:17.0.0] AndroidManifest.xml:28:13-44
117            android:permission="com.google.firebase.auth.api.gms.permission.LAUNCH_FEDERATED_SIGN_IN"
117-->[com.google.firebase:firebase-auth:17.0.0] AndroidManifest.xml:29:13-102
118            android:theme="@android:style/Theme.Translucent.NoTitleBar" />
118-->[com.google.firebase:firebase-auth:17.0.0] AndroidManifest.xml:30:13-72
119        <activity
119-->[com.google.android.gms:play-services-base:17.0.0] AndroidManifest.xml:23:9-26:75
120            android:name="com.google.android.gms.common.api.GoogleApiActivity"
120-->[com.google.android.gms:play-services-base:17.0.0] AndroidManifest.xml:24:13-79
121            android:exported="false"
121-->[com.google.android.gms:play-services-base:17.0.0] AndroidManifest.xml:25:13-37
122            android:theme="@android:style/Theme.Translucent.NoTitleBar" />
122-->[com.google.android.gms:play-services-base:17.0.0] AndroidManifest.xml:26:13-72
123
124        <provider
124-->[com.google.firebase:firebase-common:19.3.0] AndroidManifest.xml:26:9-30:39
125            android:name="com.google.firebase.provider.FirebaseInitProvider"
125-->[com.google.firebase:firebase-common:19.3.0] AndroidManifest.xml:27:13-77
126            android:authorities="com.cz2006swee.toilocator.firebaseinitprovider"
126-->[com.google.firebase:firebase-common:19.3.0] AndroidManifest.xml:28:13-72
127            android:exported="false"
127-->[com.google.firebase:firebase-common:19.3.0] AndroidManifest.xml:29:13-37
128            android:initOrder="100" />
128-->[com.google.firebase:firebase-common:19.3.0] AndroidManifest.xml:30:13-36
129
130        <meta-data
130-->[com.google.android.gms:play-services-basement:17.0.0] AndroidManifest.xml:23:9-25:69
131            android:name="com.google.android.gms.version"
131-->[com.google.android.gms:play-services-basement:17.0.0] AndroidManifest.xml:24:13-58
132            android:value="@integer/google_play_services_version" />
132-->[com.google.android.gms:play-services-basement:17.0.0] AndroidManifest.xml:25:13-66
133    </application>
134
135</manifest>